{"E:\\projects\\weather-app\\src\\App.jsx": {"path":"E:\\projects\\weather-app\\src\\App.jsx","all":false,"statementMap":{"0":{"start":{"line":1,"column":0},"end":{"line":1,"column":25}},"1":{"start":{"line":2,"column":0},"end":{"line":2,"column":41}},"2":{"start":{"line":3,"column":0},"end":{"line":3,"column":15}},"3":{"start":{"line":4,"column":0},"end":{"line":4,"column":1}},"4":{"start":{"line":5,"column":0},"end":{"line":5,"column":10}},"5":{"start":{"line":6,"column":0},"end":{"line":6,"column":6}},"6":{"start":{"line":7,"column":0},"end":{"line":7,"column":15}},"7":{"start":{"line":8,"column":0},"end":{"line":8,"column":7}},"9":{"start":{"line":10,"column":0},"end":{"line":10,"column":1}},"11":{"start":{"line":12,"column":0},"end":{"line":12,"column":18}}},"s":{"0":1,"1":1,"2":1,"3":1,"4":1,"5":1,"6":1,"7":1,"9":1,"11":1},"branchMap":{"0":{"type":"branch","line":3,"loc":{"start":{"line":3,"column":0},"end":{"line":10,"column":1}},"locations":[{"start":{"line":3,"column":0},"end":{"line":10,"column":1}}]}},"b":{"0":[1]},"fnMap":{"0":{"name":"App","decl":{"start":{"line":3,"column":0},"end":{"line":10,"column":1}},"loc":{"start":{"line":3,"column":0},"end":{"line":10,"column":1}},"line":3}},"f":{"0":1}}
,"E:\\projects\\weather-app\\src\\main.jsx": {"path":"E:\\projects\\weather-app\\src\\main.jsx","all":true,"statementMap":{"0":{"start":{"line":1,"column":0},"end":{"line":1,"column":34}},"1":{"start":{"line":2,"column":0},"end":{"line":2,"column":45}},"2":{"start":{"line":3,"column":0},"end":{"line":3,"column":20}},"3":{"start":{"line":4,"column":0},"end":{"line":4,"column":27}},"5":{"start":{"line":6,"column":0},"end":{"line":6,"column":51}},"6":{"start":{"line":7,"column":0},"end":{"line":7,"column":14}},"7":{"start":{"line":8,"column":0},"end":{"line":8,"column":11}},"8":{"start":{"line":9,"column":0},"end":{"line":9,"column":16}},"9":{"start":{"line":10,"column":0},"end":{"line":10,"column":1}}},"s":{"0":0,"1":0,"2":0,"3":0,"5":0,"6":0,"7":0,"8":0,"9":0},"branchMap":{"0":{"type":"branch","line":1,"loc":{"start":{"line":1,"column":202},"end":{"line":10,"column":-147}},"locations":[{"start":{"line":1,"column":202},"end":{"line":10,"column":-147}}]}},"b":{"0":[0]},"fnMap":{"0":{"name":"(empty-report)","decl":{"start":{"line":1,"column":202},"end":{"line":10,"column":-147}},"loc":{"start":{"line":1,"column":202},"end":{"line":10,"column":-147}},"line":1}},"f":{"0":0}}
,"E:\\projects\\weather-app\\src\\component\\weather.jsx": {"path":"E:\\projects\\weather-app\\src\\component\\weather.jsx","all":false,"statementMap":{"0":{"start":{"line":1,"column":0},"end":{"line":1,"column":51}},"1":{"start":{"line":2,"column":0},"end":{"line":2,"column":23}},"2":{"start":{"line":3,"column":0},"end":{"line":3,"column":47}},"3":{"start":{"line":4,"column":0},"end":{"line":4,"column":47}},"4":{"start":{"line":5,"column":0},"end":{"line":5,"column":19}},"5":{"start":{"line":6,"column":0},"end":{"line":6,"column":66}},"6":{"start":{"line":7,"column":0},"end":{"line":7,"column":54}},"7":{"start":{"line":8,"column":0},"end":{"line":8,"column":85}},"8":{"start":{"line":9,"column":0},"end":{"line":9,"column":130}},"9":{"start":{"line":10,"column":0},"end":{"line":10,"column":11}},"10":{"start":{"line":11,"column":0},"end":{"line":11,"column":42}},"11":{"start":{"line":12,"column":0},"end":{"line":12,"column":43}},"13":{"start":{"line":14,"column":0},"end":{"line":14,"column":25}},"14":{"start":{"line":15,"column":0},"end":{"line":15,"column":23}},"15":{"start":{"line":16,"column":0},"end":{"line":16,"column":25}},"16":{"start":{"line":17,"column":0},"end":{"line":17,"column":61}},"17":{"start":{"line":18,"column":0},"end":{"line":18,"column":7}},"18":{"start":{"line":19,"column":0},"end":{"line":19,"column":24}},"20":{"start":{"line":21,"column":0},"end":{"line":21,"column":7}},"21":{"start":{"line":22,"column":0},"end":{"line":22,"column":9}},"23":{"start":{"line":24,"column":0},"end":{"line":24,"column":10}},"24":{"start":{"line":25,"column":0},"end":{"line":25,"column":9}},"25":{"start":{"line":26,"column":0},"end":{"line":26,"column":26}},"26":{"start":{"line":27,"column":0},"end":{"line":27,"column":18}},"27":{"start":{"line":28,"column":0},"end":{"line":28,"column":25}},"28":{"start":{"line":29,"column":0},"end":{"line":29,"column":47}},"29":{"start":{"line":30,"column":0},"end":{"line":30,"column":13}},"30":{"start":{"line":31,"column":0},"end":{"line":31,"column":33}},"31":{"start":{"line":32,"column":0},"end":{"line":32,"column":51}},"32":{"start":{"line":33,"column":0},"end":{"line":33,"column":51}},"33":{"start":{"line":34,"column":0},"end":{"line":34,"column":58}},"34":{"start":{"line":35,"column":0},"end":{"line":35,"column":14}},"36":{"start":{"line":37,"column":0},"end":{"line":37,"column":44}},"38":{"start":{"line":39,"column":0},"end":{"line":39,"column":10}},"41":{"start":{"line":42,"column":0},"end":{"line":42,"column":2}},"42":{"start":{"line":43,"column":0},"end":{"line":43,"column":23}}},"s":{"0":1,"1":1,"2":5,"3":5,"4":5,"5":3,"6":3,"7":3,"8":3,"9":3,"10":3,"11":2,"13":1,"14":2,"15":2,"16":2,"17":2,"18":3,"20":3,"21":5,"23":5,"24":5,"25":5,"26":5,"27":3,"28":2,"29":1,"30":1,"31":1,"32":1,"33":1,"34":1,"36":1,"38":5,"41":5,"42":1},"branchMap":{"0":{"type":"branch","line":2,"loc":{"start":{"line":2,"column":16},"end":{"line":42,"column":2}},"locations":[{"start":{"line":2,"column":16},"end":{"line":42,"column":2}}]},"1":{"type":"branch","line":27,"loc":{"start":{"line":27,"column":7},"end":{"line":28,"column":25}},"locations":[{"start":{"line":27,"column":7},"end":{"line":28,"column":25}}]},"2":{"type":"branch","line":28,"loc":{"start":{"line":28,"column":21},"end":{"line":37,"column":44}},"locations":[{"start":{"line":28,"column":21},"end":{"line":37,"column":44}}]},"3":{"type":"branch","line":29,"loc":{"start":{"line":29,"column":10},"end":{"line":29,"column":27}},"locations":[{"start":{"line":29,"column":10},"end":{"line":29,"column":27}}]},"4":{"type":"branch","line":29,"loc":{"start":{"line":29,"column":19},"end":{"line":29,"column":47}},"locations":[{"start":{"line":29,"column":19},"end":{"line":29,"column":47}}]},"5":{"type":"branch","line":29,"loc":{"start":{"line":29,"column":36},"end":{"line":35,"column":14}},"locations":[{"start":{"line":29,"column":36},"end":{"line":35,"column":14}}]},"6":{"type":"branch","line":35,"loc":{"start":{"line":35,"column":8},"end":{"line":37,"column":44}},"locations":[{"start":{"line":35,"column":8},"end":{"line":37,"column":44}}]},"7":{"type":"branch","line":5,"loc":{"start":{"line":5,"column":12},"end":{"line":22,"column":5}},"locations":[{"start":{"line":5,"column":12},"end":{"line":22,"column":5}}]},"8":{"type":"branch","line":6,"loc":{"start":{"line":6,"column":45},"end":{"line":21,"column":5}},"locations":[{"start":{"line":6,"column":45},"end":{"line":21,"column":5}}]},"9":{"type":"branch","line":11,"loc":{"start":{"line":11,"column":40},"end":{"line":18,"column":7}},"locations":[{"start":{"line":11,"column":40},"end":{"line":18,"column":7}}]},"10":{"type":"branch","line":12,"loc":{"start":{"line":12,"column":41},"end":{"line":15,"column":15}},"locations":[{"start":{"line":12,"column":41},"end":{"line":15,"column":15}}]}},"b":{"0":[5],"1":[3],"2":[2],"3":[1],"4":[1],"5":[1],"6":[1],"7":[3],"8":[3],"9":[2],"10":[1]},"fnMap":{"0":{"name":"Weather","decl":{"start":{"line":2,"column":16},"end":{"line":42,"column":2}},"loc":{"start":{"line":2,"column":16},"end":{"line":42,"column":2}},"line":2}},"f":{"0":5}}
}
